version: (200506)

available memory: 64M bytes
used memory: 114688 bytes [need 112K bytes if disable swap]

used block: 7 [memory(7) file(0)]
                 [ 8K(6) 64K(1) { total 112K bytes } ]
overhead: (9538) bytes for (7) blocks [Average: (1362) bytes/block]

write  => 0(times) 0K(bytes) [0K bytes to file]
read   => 1(times) 31K(bytes) [6K bytes compressed data from file]
access => 598748(times) 4692M(bytes)
          [hit ratio: 99.9998%]

time: write(0) read(0)  unit: second

swap file directory: (/project/tsmc28mmwave/users/jp1/ws/neural-engine/Neural-Engine/CHIP/verdiLog)
used swap file number: (1)



swap file manager:
arrSize: (256)
idxCnt: (3)
closeHead: (1)
closeTail: (2)
openCnt: (2)
fid(2): fd(26) fileName(/project/tsmc28mmwave/users/jp1/ws/neural-engine/Neural-Engine/CHIP/verdiLog/_swap_0001#1115973680#282344)
	size(0) lastModTime(0) curModTime(1742158940)
	mode(w+b)	hot(0) cool(1) pos(0)
fid(1): fd(1073741824) fileName(/project/tsmc28mmwave/users/jp1/ws/neural-engine/Neural-Engine/CHIP/simv.daidir/kdb.elab++/work.lib++/mac_tb.sv.tdc)
	size(10138) lastModTime(1742153985) curModTime(1742153985)
	mode(rb)	hot(2) cool(0) pos(0)
fid(0): fd(0) fileName(NULL)
	mode(NULL)	hot(0) cool(0) pos(0)
==================================================
mySelf(0x19f75080) pre(0x18e21c10) next((nil))
version(200506)
date(Sep 21 2022 02:33:17)
