****************************************
Report : report_utilization
Design : mac
Version: V-2023.12-SP3
Date   : Thu Mar  6 20:44:48 2025
****************************************
Utilization Ratio:			0.7070
Utilization options:
 - Area calculation based on:		site_row of block mac
 - Categories of objects excluded:	hard_macros macro_keepouts soft_macros io_cells hard_blockages 
Total Area:				431.8020
Total Capacity Area:			431.8020
Total Area of cells:			305.2980
Area of excluded objects:
 - hard_macros         :		0.0000
 - macro_keepouts      :		0.0000
 - soft_macros         :		0.0000
 - io_cells            :		0.0000
 - hard_blockages      :		0.0000
Total Area of excluded objects:		0.0000
Ratio of excluded objects:		0.0000

Utilization of site-rows with:
 - Site 'unit':				0.7070

0.7070
